<?xml version="1.0" encoding="UTF-8"?>
<!-- Generated by org.testng.reporters.JUnitReportReporter -->
<testsuite skipped="0" hostname="LAPTOP-D2GVCL39" name="regression.InventoryCategoryTest" tests="6" failures="0" timestamp="2022-10-07T08:10:58 IST" time="27.232" errors="0">
  <testcase name="verifyUserCanAddNewCategoryOnCategoryPage" time="2.395" classname="regression.InventoryCategoryTest"/>
  <system-out/>
  <testcase name="verifyAddedCategoryIsDisplayedOnCategoryPage" time="0.409" classname="regression.InventoryCategoryTest"/>
  <system-out/>
  <testcase name="verifyUserCanEditExistingCategory" time="1.726" classname="regression.InventoryCategoryTest"/>
  <system-out/>
  <testcase name="verifyUpdatedCategoryIsDisplayedOnCategoryPage" time="10.641" classname="regression.InventoryCategoryTest"/>
  <system-out/>
  <testcase name="verifyExistingCategoryCanBeDeleted" time="1.648" classname="regression.InventoryCategoryTest"/>
  <system-out/>
  <testcase name="verifyDeletedCategoryIsNotDisplayedOnCategoryPage" time="10.413" classname="regression.InventoryCategoryTest"/>
  <system-out/>
</testsuite> <!-- regression.InventoryCategoryTest -->
